<?xml version="1.0" encoding="UTF-8"?>
<!-- Generated by org.testng.reporters.JUnitReportReporter -->
<testsuite hostname="Naveen-Surface" failures="0" tests="1" name="com.webshop.base.DriverScript" time="18.561" errors="0" timestamp="2024-03-28T00:16:39 CDT" skipped="0">
  <testcase classname="com.webshop.base.DriverScript" name="initApplication" time="18.561"/>
</testsuite> <!-- com.webshop.base.DriverScript -->
